<?xml version="1.0" encoding="UTF-8"?>
<!-- Generated by org.testng.reporters.JUnitReportReporter -->
<testsuite hostname="LAPTOP-EP74D058" failures="0" tests="2" name="seleniumtestng.DataProviderExample" time="0.011" errors="0" timestamp="2022-07-28T20:30:18 IST" skipped="0">
  <testcase classname="seleniumtestng.DataProviderExample" name="method1" time="0.011"/>
  <testcase classname="seleniumtestng.DataProviderExample" name="method1" time="0.000"/>
</testsuite> <!-- seleniumtestng.DataProviderExample -->
